added manifest
adding: EdSquare/(in = 0) (out= 0)(stored 0%)
adding: EdSquare/3rdpartylicenses.txt(in = 25650) (out= 5848)(deflated 77%)
adding: EdSquare/assets/(in = 0) (out= 0)(stored 0%)
adding: EdSquare/assets/fonts/(in = 0) (out= 0)(stored 0%)
adding: EdSquare/assets/fonts/Orbitron/(in = 0) (out= 0)(stored 0%)
adding: EdSquare/assets/fonts/Orbitron/Orbitron-Regular.ttf(in = 24368) (out= 11960)(deflated 50%)
adding: EdSquare/assets/fonts/Roboto/(in = 0) (out= 0)(stored 0%)
adding: EdSquare/assets/fonts/Roboto/LICENSE.txt(in = 11560) (out= 3963)(deflated 65%)
adding: EdSquare/assets/fonts/Roboto/Roboto-Regular.ttf(in = 168260) (out= 88108)(deflated 47%)
adding: EdSquare/assets/fonts/Roboto/Roboto-ThinItalic.ttf(in = 172860) (out= 93407)(deflated 45%)
adding: EdSquare/assets/images/(in = 0) (out= 0)(stored 0%)
adding: EdSquare/assets/images/download.jfif(in = 63364) (out= 63384)(deflated 0%)
adding: EdSquare/assets/images/EdSpace.png(in = 5003) (out= 4882)(deflated 2%)
adding: EdSquare/assets/images/EdSpace_ico.png(in = 4020) (out= 3909)(deflated 2%)
adding: EdSquare/assets/images/EdSpace_L.png(in = 7552) (out= 7507)(deflated 0%)
adding: EdSquare/assets/images/icon.png(in = 6389) (out= 6309)(deflated 1%)
adding: EdSquare/assets/images/login-form-using-html-css (2).png(in = 28938) (out= 28541)(deflated 1%)
adding: EdSquare/assets/images/login-form-using-html-css.png(in = 18320) (out= 16609)(deflated 9%)
adding: EdSquare/assets/styles/(in = 0) (out= 0)(stored 0%)
adding: EdSquare/assets/styles/_dimension.scss(in = 318) (out= 128)(deflated 59%)
adding: EdSquare/assets/styles/_typography.scss(in = 919) (out= 292)(deflated 68%)
adding: EdSquare/assets/styles/_variables.scss(in = 812) (out= 284)(deflated 65%)
adding: EdSquare/color.dae87a04d07ca92b.png(in = 10355) (out= 10360)(deflated 0%)
adding: EdSquare/favicon.ico(in = 5430) (out= 1381)(deflated 74%)
adding: EdSquare/hue.8b1818380241e6ac.png(in = 293) (out= 298)(deflated -1%)
adding: EdSquare/index.html(in = 4137) (out= 1631)(deflated 60%)
adding: EdSquare/main.905ecb3a3891faee.js(in = 1146879) (out= 290983)(deflated 74%)
adding: EdSquare/Orbitron-Regular.8c602e1db1c10ae2.ttf(in = 24368) (out= 11960)(deflated 50%)
adding: EdSquare/polyfills.752f74a44eefbe49.js(in = 45461) (out= 15252)(deflated 66%)
adding: EdSquare/primeicons.29151a741d66863a.woff(in = 66720) (out= 31628)(deflated 52%)
adding: EdSquare/primeicons.5f5d08cd089b4e5d.ttf(in = 66644) (out= 31610)(deflated 52%)
adding: EdSquare/primeicons.76044b1c189cc4d7.svg(in = 271716) (out= 85886)(deflated 68%)
adding: EdSquare/primeicons.964f445f3ea9db80.eot(in = 66820) (out= 31688)(deflated 52%)
adding: EdSquare/Roboto-Regular.298c1099d7ff5993.ttf(in = 168260) (out= 88108)(deflated 47%)
adding: EdSquare/roboto-v20-latin-ext_latin-500.4ce802079c5e2843.woff(in = 29076) (out= 29020)(deflated 0%)
adding: EdSquare/roboto-v20-latin-ext_latin-500.de270e01b582cd35.woff2(in = 22732) (out= 22742)(deflated 0%)
adding: EdSquare/roboto-v20-latin-ext_latin-700.c5993c4d788e3ff6.woff(in = 29092) (out= 29038)(deflated 0%)
adding: EdSquare/roboto-v20-latin-ext_latin-700.fea1ca242b09ae4c.woff2(in = 22724) (out= 22734)(deflated 0%)
adding: EdSquare/roboto-v20-latin-ext_latin-regular.5c59b24786083ffe.woff2(in = 22644) (out= 22654)(deflated 0%)
adding: EdSquare/roboto-v20-latin-ext_latin-regular.c9064c1abfc45804.woff(in = 29040) (out= 29001)(deflated 0%)
adding: EdSquare/runtime.5a53cb971eadbcf3.js(in = 1253) (out= 694)(deflated 44%)
adding: EdSquare/scripts.62bebcf15f8f94da.js(in = 214325) (out= 54744)(deflated 74%)
adding: EdSquare/styles.5addc2b2def4ee07.css(in = 295842) (out= 35499)(deflated 88%) 
 
 D:\MEAN Stack\EdSquare\dist\edsquare.war was deployed to D:\MEAN Stack\TestFolder\edsquare.war successfully on 14/7/2022, 9:58:15 pm